msvcprtd.lib(MSVCP100D.dll) : error LNK2005: "public: virtual __thiscall std::basic_ios<char,struct std::char_traits<char> >::~basic_ios<char,struct std::char_traits<char> >(void)" (??1?$basic_ios@DU?$char_traits@D@std@@@std@@UAE@XZ) already defined in libcpmtd.lib(cerr.obj)
msvcprtd.lib(MSVCP100D.dll) : error LNK2005: "public: __thiscall std::_Lockit::~_Lockit(void)" (??1_Lockit@std@@QAE@XZ) already defined in libcpmtd.lib(xlock.obj)
msvcprtd.lib(MSVCP100D.dll) : error LNK2005: "public: __thiscall std::_Lockit::_Lockit(int)" (??0_Lockit@std@@QAE@H@Z) already defined in libcpmtd.lib(xlock.obj)
msvcprtd.lib(MSVCP100D.dll) : error LNK2005: "void __cdecl std::_Debug_message(wchar_t const *,wchar_t const *,unsigned int)" (?_Debug_message@std@@YAXPB_W0I@Z) already defined in libcpmtd.lib(stdthrow.obj)
msvcprtd.lib(MSVCP100D.dll) : error LNK2005: "protected: __thiscall std::basic_ios<char,struct std::char_traits<char> >::basic_ios<char,struct std::char_traits<char> >(void)" (??0?$basic_ios@DU?$char_traits@D@std@@@std@@IAE@XZ) already defined in libcpmtd.lib(cerr.obj)
msvcprtd.lib(MSVCP100D.dll) : error LNK2005: "public: virtual __thiscall std::basic_streambuf<char,struct std::char_traits<char> >::~basic_streambuf<char,struct std::char_traits<char> >(void)" (??1?$basic_streambuf@DU?$char_traits@D@std@@@std@@UAE@XZ) already defined in libcpmtd.lib(cerr.obj)
msvcprtd.lib(MSVCP100D.dll) : error LNK2005: "protected: char * __thiscall std::basic_streambuf<char,struct std::char_traits<char> >::gptr(void)const " (?gptr@?$basic_streambuf@DU?$char_traits@D@std@@@std@@IBEPADXZ) already defined in libcpmtd.lib(cerr.obj)
msvcprtd.lib(MSVCP100D.dll) : error LNK2005: "protected: void __thiscall std::basic_streambuf<char,struct std::char_traits<char> >::setg(char *,char *,char *)" (?setg@?$basic_streambuf@DU?$char_traits@D@std@@@std@@IAEXPAD00@Z) already defined in libcpmtd.lib(cerr.obj)
msvcprtd.lib(MSVCP100D.dll) : error LNK2005: "protected: void __thiscall std::basic_streambuf<char,struct std::char_traits<char> >::setp(char *,char *)" (?setp@?$basic_streambuf@DU?$char_traits@D@std@@@std@@IAEXPAD0@Z) already defined in libcpmtd.lib(cerr.obj)
msvcprtd.lib(MSVCP100D.dll) : error LNK2005: "protected: char * __thiscall std::basic_streambuf<char,struct std::char_traits<char> >::eback(void)const " (?eback@?$basic_streambuf@DU?$char_traits@D@std@@@std@@IBEPADXZ) already defined in libcpmtd.lib(cerr.obj)
msvcprtd.lib(MSVCP100D.dll) : error LNK2005: "protected: char * __thiscall std::basic_streambuf<char,struct std::char_traits<char> >::_Pninc(void)" (?_Pninc@?$basic_streambuf@DU?$char_traits@D@std@@@std@@IAEPADXZ) already defined in ImpulseGenTest.obj
msvcprtd.lib(MSVCP100D.dll) : error LNK2005: "protected: char * __thiscall std::basic_streambuf<char,struct std::char_traits<char> >::epptr(void)const " (?epptr@?$basic_streambuf@DU?$char_traits@D@std@@@std@@IBEPADXZ) already defined in libcpmtd.lib(cerr.obj)
msvcprtd.lib(MSVCP100D.dll) : error LNK2005: "protected: char * __thiscall std::basic_streambuf<char,struct std::char_traits<char> >::pptr(void)const " (?pptr@?$basic_streambuf@DU?$char_traits@D@std@@@std@@IBEPADXZ) already defined in libcpmtd.lib(cerr.obj)
msvcprtd.lib(MSVCP100D.dll) : error LNK2005: "protected: void __thiscall std::basic_streambuf<char,struct std::char_traits<char> >::gbump(int)" (?gbump@?$basic_streambuf@DU?$char_traits@D@std@@@std@@IAEXH@Z) already defined in libcpmtd.lib(cerr.obj)
msvcprtd.lib(MSVCP100D.dll) : error LNK2005: "protected: char * __thiscall std::basic_streambuf<char,struct std::char_traits<char> >::egptr(void)const " (?egptr@?$basic_streambuf@DU?$char_traits@D@std@@@std@@IBEPADXZ) already defined in libcpmtd.lib(cerr.obj)
msvcprtd.lib(MSVCP100D.dll) : error LNK2005: "protected: void __thiscall std::basic_streambuf<char,struct std::char_traits<char> >::pbump(int)" (?pbump@?$basic_streambuf@DU?$char_traits@D@std@@@std@@IAEXH@Z) already defined in libcpmtd.lib(cerr.obj)
msvcprtd.lib(MSVCP100D.dll) : error LNK2005: "public: __thiscall std::_Container_base12::~_Container_base12(void)" (??1_Container_base12@std@@QAE@XZ) already defined in ImpulseGenTest.obj
msvcprtd.lib(MSVCP100D.dll) : error LNK2005: "public: __thiscall std::_Container_base12::_Container_base12(void)" (??0_Container_base12@std@@QAE@XZ) already defined in ImpulseGenTest.obj
msvcprtd.lib(MSVCP100D.dll) : error LNK2005: "public: void __thiscall std::_Container_base12::_Orphan_all(void)" (?_Orphan_all@_Container_base12@std@@QAEXXZ) already defined in ImpulseGenTest.obj
msvcprtd.lib(MSVCP100D.dll) : error LNK2005: "public: struct std::_Iterator_base12 * * __thiscall std::_Container_base12::_Getpfirst(void)const " (?_Getpfirst@_Container_base12@std@@QBEPAPAU_Iterator_base12@2@XZ) already defined in main.obj
msvcprtd.lib(MSVCP100D.dll) : error LNK2005: "protected: __thiscall std::basic_streambuf<char,struct std::char_traits<char> >::basic_streambuf<char,struct std::char_traits<char> >(void)" (??0?$basic_streambuf@DU?$char_traits@D@std@@@std@@IAE@XZ) already defined in libcpmtd.lib(cerr.obj)
msvcprtd.lib(MSVCP100D.dll) : error LNK2005: "void __cdecl std::_Xout_of_range(char const *)" (?_Xout_of_range@std@@YAXPBD@Z) already defined in libcpmtd.lib(xthrow.obj)
msvcprtd.lib(MSVCP100D.dll) : error LNK2005: "void __cdecl std::_Xlength_error(char const *)" (?_Xlength_error@std@@YAXPBD@Z) already defined in libcpmtd.lib(xthrow.obj)
msvcprtd.lib(MSVCP100D.dll) : error LNK2005: "public: void __thiscall std::basic_ios<char,struct std::char_traits<char> >::setstate(int,bool)" (?setstate@?$basic_ios@DU?$char_traits@D@std@@@std@@QAEXH_N@Z) already defined in ImpulseGenTest.obj
msvcprtd.lib(MSVCP100D.dll) : error LNK2005: "public: __int64 __thiscall std::ios_base::width(__int64)" (?width@ios_base@std@@QAE_J_J@Z) already defined in ImpulseGenTest.obj
msvcprtd.lib(MSVCP100D.dll) : error LNK2005: "public: __int64 __thiscall std::basic_streambuf<char,struct std::char_traits<char> >::sputn(char const *,__int64)" (?sputn@?$basic_streambuf@DU?$char_traits@D@std@@@std@@QAE_JPBD_J@Z) already defined in ImpulseGenTest.obj
msvcprtd.lib(MSVCP100D.dll) : error LNK2005: "public: int __thiscall std::basic_streambuf<char,struct std::char_traits<char> >::sputc(char)" (?sputc@?$basic_streambuf@DU?$char_traits@D@std@@@std@@QAEHD@Z) already defined in ImpulseGenTest.obj
msvcprtd.lib(MSVCP100D.dll) : error LNK2005: "public: class std::basic_streambuf<char,struct std::char_traits<char> > * __thiscall std::basic_ios<char,struct std::char_traits<char> >::rdbuf(void)const " (?rdbuf@?$basic_ios@DU?$char_traits@D@std@@@std@@QBEPAV?$basic_streambuf@DU?$char_traits@D@std@@@2@XZ) already defined in ImpulseGenTest.obj
msvcprtd.lib(MSVCP100D.dll) : error LNK2005: "public: char __thiscall std::basic_ios<char,struct std::char_traits<char> >::fill(void)const " (?fill@?$basic_ios@DU?$char_traits@D@std@@@std@@QBEDXZ) already defined in ImpulseGenTest.obj
msvcprtd.lib(MSVCP100D.dll) : error LNK2005: "public: int __thiscall std::ios_base::flags(void)const " (?flags@ios_base@std@@QBEHXZ) already defined in ImpulseGenTest.obj
msvcprtd.lib(MSVCP100D.dll) : error LNK2005: "public: __int64 __thiscall std::ios_base::width(void)const " (?width@ios_base@std@@QBE_JXZ) already defined in ImpulseGenTest.obj
msvcprtd.lib(MSVCP100D.dll) : error LNK2005: "public: class std::basic_ostream<char,struct std::char_traits<char> > & __thiscall std::basic_ostream<char,struct std::char_traits<char> >::flush(void)" (?flush@?$basic_ostream@DU?$char_traits@D@std@@@std@@QAEAAV12@XZ) already defined in ImpulseGenTest.obj
msvcprtd.lib(MSVCP100D.dll) : error LNK2005: "public: class std::basic_ostream<char,struct std::char_traits<char> > * __thiscall std::basic_ios<char,struct std::char_traits<char> >::tie(void)const " (?tie@?$basic_ios@DU?$char_traits@D@std@@@std@@QBEPAV?$basic_ostream@DU?$char_traits@D@std@@@2@XZ) already defined in ImpulseGenTest.obj
msvcprtd.lib(MSVCP100D.dll) : error LNK2005: "public: bool __thiscall std::ios_base::good(void)const " (?good@ios_base@std@@QBE_NXZ) already defined in ImpulseGenTest.obj
msvcprtd.lib(MSVCP100D.dll) : error LNK2005: "public: void __thiscall std::basic_ostream<char,struct std::char_traits<char> >::_Osfx(void)" (?_Osfx@?$basic_ostream@DU?$char_traits@D@std@@@std@@QAEXXZ) already defined in ImpulseGenTest.obj
msvcprtd.lib(MSVCP100D.dll) : error LNK2005: "bool __cdecl std::uncaught_exception(void)" (?uncaught_exception@std@@YA_NXZ) already defined in libcpmtd.lib(uncaught.obj)
msvcprtd.lib(MSVCP100D.dll) : error LNK2005: "public: class std::locale __thiscall std::ios_base::getloc(void)const " (?getloc@ios_base@std@@QBE?AVlocale@2@XZ) already defined in ImpulseGenTest.obj
msvcprtd.lib(MSVCP100D.dll) : error LNK2005: "public: class std::locale::facet * __thiscall std::locale::facet::_Decref(void)" (?_Decref@facet@locale@std@@QAEPAV123@XZ) already defined in ImpulseGenTest.obj
msvcprtd.lib(MSVCP100D.dll) : error LNK2005: "public: void __thiscall std::locale::facet::_Incref(void)" (?_Incref@facet@locale@std@@QAEXXZ) already defined in ImpulseGenTest.obj
msvcprtd.lib(MSVCP100D.dll) : error LNK2005: "public: static unsigned int __cdecl std::ctype<char>::_Getcat(class std::locale::facet const * *,class std::locale const *)" (?_Getcat@?$ctype@D@std@@SAIPAPBVfacet@locale@2@PBV42@@Z) already defined in libcpmtd.lib(cerr.obj)
msvcprtd.lib(MSVCP100D.dll) : error LNK2005: "public: __thiscall std::locale::id::operator unsigned int(void)" (??Bid@locale@std@@QAEIXZ) already defined in ImpulseGenTest.obj
msvcprtd.lib(MSVCP100D.dll) : error LNK2005: "private: static class std::locale::_Locimp * __cdecl std::locale::_Getgloballocale(void)" (?_Getgloballocale@locale@std@@CAPAV_Locimp@12@XZ) already defined in libcpmtd.lib(locale0.obj)
msvcprtd.lib(MSVCP100D.dll) : error LNK2005: "public: class std::basic_ostream<char,struct std::char_traits<char> > & __thiscall std::basic_ostream<char,struct std::char_traits<char> >::operator<<(class std::basic_ostream<char,struct std::char_traits<char> > & (__cdecl*)(class std::basic_ostream<char,struct std::char_traits<char> > &))" (??6?$basic_ostream@DU?$char_traits@D@std@@@std@@QAEAAV01@P6AAAV01@AAV01@@Z@Z) already defined in ImpulseGenTest.obj
msvcprtd.lib(MSVCP100D.dll) : error LNK2005: "class std::basic_ostream<char,struct std::char_traits<char> > & __cdecl std::endl(class std::basic_ostream<char,struct std::char_traits<char> > &)" (?endl@std@@YAAAV?$basic_ostream@DU?$char_traits@D@std@@@1@AAV21@@Z) already defined in ImpulseGenTest.obj
msvcprtd.lib(MSVCP100D.dll) : error LNK2005: "public: virtual __thiscall std::basic_ostream<char,struct std::char_traits<char> >::~basic_ostream<char,struct std::char_traits<char> >(void)" (??1?$basic_ostream@DU?$char_traits@D@std@@@std@@UAE@XZ) already defined in libcpmtd.lib(cerr.obj)
msvcprtd.lib(MSVCP100D.dll) : error LNK2005: "public: __thiscall std::basic_ostream<char,struct std::char_traits<char> >::basic_ostream<char,struct std::char_traits<char> >(class std::basic_streambuf<char,struct std::char_traits<char> > *,bool)" (??0?$basic_ostream@DU?$char_traits@D@std@@@std@@QAE@PAV?$basic_streambuf@DU?$char_traits@D@std@@@1@_N@Z) already defined in libcpmtd.lib(cerr.obj)
msvcprtd.lib(MSVCP100D.dll) : error LNK2005: "public: void __thiscall std::basic_ios<char,struct std::char_traits<char> >::clear(int,bool)" (?clear@?$basic_ios@DU?$char_traits@D@std@@@std@@QAEXH_N@Z) already defined in ImpulseGenTest.obj
msvcprtd.lib(MSVCP100D.dll) : error LNK2005: "public: int __thiscall std::codecvt<char,char,int>::out(int &,char const *,char const *,char const * &,char *,char *,char * &)const " (?out@?$codecvt@DDH@std@@QBEHAAHPBD1AAPBDPAD3AAPAD@Z) already defined in libcpmtd.lib(cerr.obj)
msvcprtd.lib(MSVCP100D.dll) : error LNK2005: "protected: char * __thiscall std::basic_streambuf<char,struct std::char_traits<char> >::_Gndec(void)" (?_Gndec@?$basic_streambuf@DU?$char_traits@D@std@@@std@@IAEPADXZ) already defined in libcpmtd.lib(cerr.obj)
msvcprtd.lib(MSVCP100D.dll) : error LNK2005: "public: int __thiscall std::codecvt<char,char,int>::in(int &,char const *,char const *,char const * &,char *,char *,char * &)const " (?in@?$codecvt@DDH@std@@QBEHAAHPBD1AAPBDPAD3AAPAD@Z) already defined in libcpmtd.lib(cerr.obj)
msvcprtd.lib(MSVCP100D.dll) : error LNK2005: "protected: char * __thiscall std::basic_streambuf<char,struct std::char_traits<char> >::_Gninc(void)" (?_Gninc@?$basic_streambuf@DU?$char_traits@D@std@@@std@@IAEPADXZ) already defined in libcpmtd.lib(cerr.obj)
msvcprtd.lib(MSVCP100D.dll) : error LNK2005: "protected: void __thiscall std::basic_streambuf<char,struct std::char_traits<char> >::_Init(char * *,char * *,int *,char * *,char * *,int *)" (?_Init@?$basic_streambuf@DU?$char_traits@D@std@@@std@@IAEXPAPAD0PAH001@Z) already defined in libcpmtd.lib(cerr.obj)
msvcprtd.lib(MSVCP100D.dll) : error LNK2005: "protected: void __thiscall std::basic_streambuf<char,struct std::char_traits<char> >::_Init(void)" (?_Init@?$basic_streambuf@DU?$char_traits@D@std@@@std@@IAEXXZ) already defined in libcpmtd.lib(cerr.obj)
msvcprtd.lib(MSVCP100D.dll) : error LNK2005: "public: int __thiscall std::codecvt<char,char,int>::unshift(int &,char *,char *,char * &)const " (?unshift@?$codecvt@DDH@std@@QBEHAAHPAD1AAPAD@Z) already defined in libcpmtd.lib(cerr.obj)
msvcprtd.lib(MSVCP100D.dll) : error LNK2005: "public: bool __thiscall std::codecvt_base::always_noconv(void)const " (?always_noconv@codecvt_base@std@@QBE_NXZ) already defined in libcpmtd.lib(cerr.obj)
msvcprtd.lib(MSVCP100D.dll) : error LNK2005: "public: static unsigned int __cdecl std::codecvt<char,char,int>::_Getcat(class std::locale::facet const * *,class std::locale const *)" (?_Getcat@?$codecvt@DDH@std@@SAIPAPBVfacet@locale@2@PBV42@@Z) already defined in libcpmtd.lib(cerr.obj)
msvcprtd.lib(MSVCP100D.dll) : error LNK2005: "public: char __thiscall std::basic_ios<char,struct std::char_traits<char> >::widen(char)const " (?widen@?$basic_ios@DU?$char_traits@D@std@@@std@@QBEDD@Z) already defined in libcpmtd.lib(cerr.obj)
MSVCRTD.lib(MSVCR100D.dll) : error LNK2005: "public: __thiscall std::exception::exception(class std::exception const &)" (??0exception@std@@QAE@ABV01@@Z) already defined in LIBCMTD.lib(stdexcpt.obj)
MSVCRTD.lib(MSVCR100D.dll) : error LNK2005: __invalid_parameter already defined in LIBCMTD.lib(invarg.obj)
MSVCRTD.lib(MSVCR100D.dll) : error LNK2005: __CrtDbgReportW already defined in LIBCMTD.lib(dbgrptw.obj)
MSVCRTD.lib(MSVCR100D.dll) : error LNK2005: _memmove already defined in LIBCMTD.lib(memmove.obj)
MSVCRTD.lib(MSVCR100D.dll) : error LNK2005: "public: __thiscall std::exception::exception(char const * const &)" (??0exception@std@@QAE@ABQBD@Z) already defined in LIBCMTD.lib(stdexcpt.obj)
MSVCRTD.lib(MSVCR100D.dll) : error LNK2005: "public: virtual __thiscall std::exception::~exception(void)" (??1exception@std@@UAE@XZ) already defined in LIBCMTD.lib(stdexcpt.obj)
MSVCRTD.lib(MSVCR100D.dll) : error LNK2005: _free already defined in LIBCMTD.lib(dbgfree.obj)
MSVCRTD.lib(MSVCR100D.dll) : error LNK2005: "public: __thiscall std::bad_cast::bad_cast(char const *)" (??0bad_cast@std@@QAE@PBD@Z) already defined in LIBCMTD.lib(stdexcpt.obj)
MSVCRTD.lib(MSVCR100D.dll) : error LNK2005: _sprintf already defined in LIBCMTD.lib(sprintf.obj)
MSVCRTD.lib(MSVCR100D.dll) : error LNK2005: _malloc already defined in LIBCMTD.lib(dbgmalloc.obj)
MSVCRTD.lib(MSVCR100D.dll) : error LNK2005: _abort already defined in LIBCMTD.lib(abort.obj)
MSVCRTD.lib(MSVCR100D.dll) : error LNK2005: __lock_file already defined in LIBCMTD.lib(_file.obj)
MSVCRTD.lib(MSVCR100D.dll) : error LNK2005: __unlock_file already defined in LIBCMTD.lib(_file.obj)
MSVCRTD.lib(MSVCR100D.dll) : error LNK2005: _fwrite already defined in LIBCMTD.lib(fwrite.obj)
MSVCRTD.lib(MSVCR100D.dll) : error LNK2005: _fputc already defined in LIBCMTD.lib(fputc.obj)
MSVCRTD.lib(MSVCR100D.dll) : error LNK2005: _ungetc already defined in LIBCMTD.lib(ungetc.obj)
MSVCRTD.lib(MSVCR100D.dll) : error LNK2005: _memcpy_s already defined in LIBCMTD.lib(memcpy_s.obj)
MSVCRTD.lib(MSVCR100D.dll) : error LNK2005: _fgetc already defined in LIBCMTD.lib(fgetc.obj)
MSVCRTD.lib(MSVCR100D.dll) : error LNK2005: _fgetpos already defined in LIBCMTD.lib(fgetpos.obj)
MSVCRTD.lib(MSVCR100D.dll) : error LNK2005: __fseeki64 already defined in LIBCMTD.lib(fseeki64.obj)
MSVCRTD.lib(MSVCR100D.dll) : error LNK2005: _fsetpos already defined in LIBCMTD.lib(fsetpos.obj)
MSVCRTD.lib(MSVCR100D.dll) : error LNK2005: _setvbuf already defined in LIBCMTD.lib(setvbuf.obj)
MSVCRTD.lib(MSVCR100D.dll) : error LNK2005: _fflush already defined in LIBCMTD.lib(fflush.obj)
MSVCRTD.lib(MSVCR100D.dll) : error LNK2005: _fclose already defined in LIBCMTD.lib(fclose.obj)
MSVCRTD.lib(MSVCR100D.dll) : error LNK2005: _isspace already defined in LIBCMTD.lib(_ctype.obj)
MSVCRTD.lib(MSVCR100D.dll) : error LNK2005: _vsprintf already defined in LIBCMTD.lib(vsprintf.obj)
MSVCRTD.lib(MSVCR100D.dll) : error LNK2005: _strrchr already defined in LIBCMTD.lib(strrchr.obj)
MSVCRTD.lib(MSVCR100D.dll) : error LNK2005: "public: __thiscall std::exception::exception(void)" (??0exception@std@@QAE@XZ) already defined in LIBCMTD.lib(stdexcpt.obj)
MSVCRTD.lib(MSVCR100D.dll) : error LNK2005: _atoi already defined in LIBCMTD.lib(atox.obj)
MSVCRTD.lib(MSVCR100D.dll) : error LNK2005: _printf already defined in LIBCMTD.lib(printf.obj)
MSVCRTD.lib(MSVCR100D.dll) : error LNK2005: _isalpha already defined in LIBCMTD.lib(_ctype.obj)
MSVCRTD.lib(MSVCR100D.dll) : error LNK2005: _isalnum already defined in LIBCMTD.lib(_ctype.obj)
MSVCRTD.lib(ti_inst.obj) : error LNK2005: "private: __thiscall type_info::type_info(class type_info const &)" (??0type_info@@AAE@ABV0@@Z) already defined in LIBCMTD.lib(typinfo.obj)
MSVCRTD.lib(ti_inst.obj) : error LNK2005: "private: class type_info & __thiscall type_info::operator=(class type_info const &)" (??4type_info@@AAEAAV0@ABV0@@Z) already defined in LIBCMTD.lib(typinfo.obj)
MSVCRTD.lib(MSVCR100D.dll) : error LNK2005: "public: char const * __thiscall type_info::_name_internal_method(struct __type_info_node *)const " (?_name_internal_method@type_info@@QBEPBDPAU__type_info_node@@@Z) already defined in LIBCMTD.lib(typinfo.obj)
LINK : warning LNK4098: defaultlib 'MSVCRTD' conflicts with use of other libs; use /NODEFAULTLIB:library
C:\Users\User\Desktop\labs\sh\lab1\Debug\lab1.exe : fatal error LNK1169: one or more multiply defined symbols found
